2019-07-11 17:07:31.200  INFO 18880 --- [main] c.c.shui.shuitrade.ShuiTradeApplication  : Starting ShuiTradeApplication on DESKTOP-0QA31VF with PID 18880 (E:\github\java\shui-trade\target\classes started by zhang in E:\github\java\shui-trade)
2019-07-11 17:07:31.206  INFO 18880 --- [main] c.c.shui.shuitrade.ShuiTradeApplication  : The following profiles are active: dev
2019-07-11 17:07:31.709  INFO 18880 --- [main] .s.d.r.c.RepositoryConfigurationDelegate : Multiple Spring Data modules found, entering strict repository configuration mode!
2019-07-11 17:07:31.712  INFO 18880 --- [main] .s.d.r.c.RepositoryConfigurationDelegate : Bootstrapping Spring Data repositories in DEFAULT mode.
2019-07-11 17:07:31.756  INFO 18880 --- [main] .s.d.r.c.RepositoryConfigurationDelegate : Finished Spring Data repository scanning in 31ms. Found 0 repository interfaces.
2019-07-11 17:07:32.423  INFO 18880 --- [main] org.quartz.impl.StdSchedulerFactory      : Using default implementation for ThreadExecutor
2019-07-11 17:07:32.433  INFO 18880 --- [main] org.quartz.core.SchedulerSignalerImpl    : Initialized Scheduler Signaller of type: class org.quartz.core.SchedulerSignalerImpl
2019-07-11 17:07:32.434  INFO 18880 --- [main] org.quartz.core.QuartzScheduler          : Quartz Scheduler v.2.3.1 created.
2019-07-11 17:07:32.434  INFO 18880 --- [main] org.quartz.simpl.RAMJobStore             : RAMJobStore initialized.
2019-07-11 17:07:32.435  INFO 18880 --- [main] org.quartz.core.QuartzScheduler          : Scheduler meta-data: Quartz Scheduler (v2.3.1) 'quartzScheduler' with instanceId 'NON_CLUSTERED'
  Scheduler class: 'org.quartz.core.QuartzScheduler' - running locally.
  NOT STARTED.
  Currently in standby mode.
  Number of jobs executed: 0
  Using thread pool 'org.quartz.simpl.SimpleThreadPool' - with 10 threads.
  Using job-store 'org.quartz.simpl.RAMJobStore' - which does not support persistence. and is not clustered.

2019-07-11 17:07:32.435  INFO 18880 --- [main] org.quartz.impl.StdSchedulerFactory      : Quartz scheduler 'quartzScheduler' initialized from an externally provided properties instance.
2019-07-11 17:07:32.435  INFO 18880 --- [main] org.quartz.impl.StdSchedulerFactory      : Quartz scheduler version: 2.3.1
2019-07-11 17:07:32.436  INFO 18880 --- [main] org.quartz.core.QuartzScheduler          : JobFactory set to: org.springframework.scheduling.quartz.SpringBeanJobFactory@3abfe845
2019-07-11 17:07:32.467  INFO 18880 --- [main] o.s.s.quartz.SchedulerFactoryBean        : Starting Quartz Scheduler now
2019-07-11 17:07:32.468  INFO 18880 --- [main] org.quartz.core.QuartzScheduler          : Scheduler quartzScheduler_$_NON_CLUSTERED started.
2019-07-11 17:07:32.476  INFO 18880 --- [main] c.c.shui.shuitrade.ShuiTradeApplication  : Started ShuiTradeApplication in 1.798 seconds (JVM running for 2.533)
2019-07-11 17:24:41.149  INFO 18880 --- [Thread-5] org.quartz.core.QuartzScheduler          : Scheduler quartzScheduler_$_NON_CLUSTERED paused.
2019-07-11 17:24:41.149  INFO 18880 --- [Thread-5] o.s.s.quartz.SchedulerFactoryBean        : Shutting down Quartz Scheduler
2019-07-11 17:24:41.150  INFO 18880 --- [Thread-5] org.quartz.core.QuartzScheduler          : Scheduler quartzScheduler_$_NON_CLUSTERED shutting down.
2019-07-11 17:24:41.155  INFO 18880 --- [Thread-5] org.quartz.core.QuartzScheduler          : Scheduler quartzScheduler_$_NON_CLUSTERED paused.
2019-07-11 17:24:41.156  INFO 18880 --- [Thread-5] org.quartz.core.QuartzScheduler          : Scheduler quartzScheduler_$_NON_CLUSTERED shutdown complete.
2019-07-11 17:24:47.015  INFO 20100 --- [main] c.c.shui.shuitrade.ShuiTradeApplication  : Starting ShuiTradeApplication on DESKTOP-0QA31VF with PID 20100 (E:\github\java\shui-trade\target\classes started by zhang in E:\github\java\shui-trade)
2019-07-11 17:24:47.017  INFO 20100 --- [main] c.c.shui.shuitrade.ShuiTradeApplication  : The following profiles are active: dev
2019-07-11 17:24:47.479  INFO 20100 --- [main] .s.d.r.c.RepositoryConfigurationDelegate : Multiple Spring Data modules found, entering strict repository configuration mode!
2019-07-11 17:24:47.481  INFO 20100 --- [main] .s.d.r.c.RepositoryConfigurationDelegate : Bootstrapping Spring Data repositories in DEFAULT mode.
2019-07-11 17:24:47.518  INFO 20100 --- [main] .s.d.r.c.RepositoryConfigurationDelegate : Finished Spring Data repository scanning in 24ms. Found 0 repository interfaces.
2019-07-11 17:24:47.743  INFO 20100 --- [main] org.quartz.impl.StdSchedulerFactory      : Using default implementation for ThreadExecutor
2019-07-11 17:24:47.754  INFO 20100 --- [main] org.quartz.core.SchedulerSignalerImpl    : Initialized Scheduler Signaller of type: class org.quartz.core.SchedulerSignalerImpl
2019-07-11 17:24:47.755  INFO 20100 --- [main] org.quartz.core.QuartzScheduler          : Quartz Scheduler v.2.3.1 created.
2019-07-11 17:24:47.756  INFO 20100 --- [main] org.quartz.simpl.RAMJobStore             : RAMJobStore initialized.
2019-07-11 17:24:47.757  INFO 20100 --- [main] org.quartz.core.QuartzScheduler          : Scheduler meta-data: Quartz Scheduler (v2.3.1) 'schedulerFactoryBean' with instanceId 'NON_CLUSTERED'
  Scheduler class: 'org.quartz.core.QuartzScheduler' - running locally.
  NOT STARTED.
  Currently in standby mode.
  Number of jobs executed: 0
  Using thread pool 'org.quartz.simpl.SimpleThreadPool' - with 10 threads.
  Using job-store 'org.quartz.simpl.RAMJobStore' - which does not support persistence. and is not clustered.

2019-07-11 17:24:47.757  INFO 20100 --- [main] org.quartz.impl.StdSchedulerFactory      : Quartz scheduler 'schedulerFactoryBean' initialized from an externally provided properties instance.
2019-07-11 17:24:47.757  INFO 20100 --- [main] org.quartz.impl.StdSchedulerFactory      : Quartz scheduler version: 2.3.1
2019-07-11 17:24:47.758  INFO 20100 --- [main] org.quartz.core.QuartzScheduler          : JobFactory set to: com.contract.shui.shuitrade.cron.quartz.TaskSchedulerFactory@99a78d7
2019-07-11 17:24:48.128  INFO 20100 --- [main] o.s.s.quartz.SchedulerFactoryBean        : Starting Quartz Scheduler now
2019-07-11 17:24:48.128  INFO 20100 --- [main] org.quartz.core.QuartzScheduler          : Scheduler schedulerFactoryBean_$_NON_CLUSTERED started.
2019-07-11 17:24:48.136  INFO 20100 --- [main] c.c.shui.shuitrade.ShuiTradeApplication  : Started ShuiTradeApplication in 1.692 seconds (JVM running for 2.451)
2019-07-11 17:25:02.459  INFO 20100 --- [Thread-6] org.quartz.core.QuartzScheduler          : Scheduler schedulerFactoryBean_$_NON_CLUSTERED paused.
2019-07-11 17:25:02.494  INFO 20100 --- [Thread-6] org.quartz.core.QuartzScheduler          : Scheduler schedulerFactoryBean_$_NON_CLUSTERED shutting down.
2019-07-11 17:25:02.495  INFO 20100 --- [Thread-6] org.quartz.core.QuartzScheduler          : Scheduler schedulerFactoryBean_$_NON_CLUSTERED paused.
2019-07-11 17:25:02.495  INFO 20100 --- [Thread-6] org.quartz.core.QuartzScheduler          : Scheduler schedulerFactoryBean_$_NON_CLUSTERED shutdown complete.
2019-07-11 17:25:02.496  INFO 20100 --- [Thread-6] o.s.s.quartz.SchedulerFactoryBean        : Shutting down Quartz Scheduler
2019-07-11 19:14:15.913  INFO 20252 --- [main] c.c.s.s.ShuiTradeApplicationTests        : Starting ShuiTradeApplicationTests on DESKTOP-0QA31VF with PID 20252 (started by zhang in E:\github\java\shui-trade)
2019-07-11 19:14:15.922  INFO 20252 --- [main] c.c.s.s.ShuiTradeApplicationTests        : The following profiles are active: dev
2019-07-11 19:14:16.498  INFO 20252 --- [main] .s.d.r.c.RepositoryConfigurationDelegate : Multiple Spring Data modules found, entering strict repository configuration mode!
2019-07-11 19:14:16.503  INFO 20252 --- [main] .s.d.r.c.RepositoryConfigurationDelegate : Bootstrapping Spring Data repositories in DEFAULT mode.
2019-07-11 19:14:16.548  INFO 20252 --- [main] .s.d.r.c.RepositoryConfigurationDelegate : Finished Spring Data repository scanning in 29ms. Found 0 repository interfaces.
2019-07-11 19:14:16.859  INFO 20252 --- [main] org.quartz.impl.StdSchedulerFactory      : Using default implementation for ThreadExecutor
2019-07-11 19:14:16.872  INFO 20252 --- [main] org.quartz.core.SchedulerSignalerImpl    : Initialized Scheduler Signaller of type: class org.quartz.core.SchedulerSignalerImpl
2019-07-11 19:14:16.872  INFO 20252 --- [main] org.quartz.core.QuartzScheduler          : Quartz Scheduler v.2.3.1 created.
2019-07-11 19:14:16.873  INFO 20252 --- [main] org.quartz.simpl.RAMJobStore             : RAMJobStore initialized.
2019-07-11 19:14:16.874  INFO 20252 --- [main] org.quartz.core.QuartzScheduler          : Scheduler meta-data: Quartz Scheduler (v2.3.1) 'schedulerFactoryBean' with instanceId 'NON_CLUSTERED'
  Scheduler class: 'org.quartz.core.QuartzScheduler' - running locally.
  NOT STARTED.
  Currently in standby mode.
  Number of jobs executed: 0
  Using thread pool 'org.quartz.simpl.SimpleThreadPool' - with 10 threads.
  Using job-store 'org.quartz.simpl.RAMJobStore' - which does not support persistence. and is not clustered.

2019-07-11 19:14:16.875  INFO 20252 --- [main] org.quartz.impl.StdSchedulerFactory      : Quartz scheduler 'schedulerFactoryBean' initialized from an externally provided properties instance.
2019-07-11 19:14:16.877  INFO 20252 --- [main] org.quartz.impl.StdSchedulerFactory      : Quartz scheduler version: 2.3.1
2019-07-11 19:14:16.879  INFO 20252 --- [main] org.quartz.core.QuartzScheduler          : JobFactory set to: com.contract.shui.shuitrade.cron.quartz.TaskSchedulerFactory@2873d672
2019-07-11 19:14:17.631  INFO 20252 --- [main] o.s.s.quartz.SchedulerFactoryBean        : Starting Quartz Scheduler now
2019-07-11 19:14:17.631  INFO 20252 --- [main] org.quartz.core.QuartzScheduler          : Scheduler schedulerFactoryBean_$_NON_CLUSTERED started.
2019-07-11 19:14:17.637  INFO 20252 --- [main] c.c.s.s.ShuiTradeApplicationTests        : Started ShuiTradeApplicationTests in 2.048 seconds (JVM running for 3.25)
2019-07-11 19:14:17.769  INFO 20252 --- [Thread-2] org.quartz.core.QuartzScheduler          : Scheduler schedulerFactoryBean_$_NON_CLUSTERED paused.
2019-07-11 19:14:17.781  INFO 20252 --- [Thread-2] org.quartz.core.QuartzScheduler          : Scheduler schedulerFactoryBean_$_NON_CLUSTERED shutting down.
2019-07-11 19:14:17.782  INFO 20252 --- [Thread-2] org.quartz.core.QuartzScheduler          : Scheduler schedulerFactoryBean_$_NON_CLUSTERED paused.
2019-07-11 19:14:17.782  INFO 20252 --- [Thread-2] org.quartz.core.QuartzScheduler          : Scheduler schedulerFactoryBean_$_NON_CLUSTERED shutdown complete.
2019-07-11 19:14:17.782  INFO 20252 --- [Thread-2] o.s.s.quartz.SchedulerFactoryBean        : Shutting down Quartz Scheduler
2019-07-11 19:17:06.349  INFO 19664 --- [main] c.c.s.s.ShuiTradeApplicationTests        : Starting ShuiTradeApplicationTests on DESKTOP-0QA31VF with PID 19664 (started by zhang in E:\github\java\shui-trade)
2019-07-11 19:17:06.398  INFO 19664 --- [main] c.c.s.s.ShuiTradeApplicationTests        : The following profiles are active: dev
2019-07-11 19:17:06.895  INFO 19664 --- [main] .s.d.r.c.RepositoryConfigurationDelegate : Multiple Spring Data modules found, entering strict repository configuration mode!
2019-07-11 19:17:06.898  INFO 19664 --- [main] .s.d.r.c.RepositoryConfigurationDelegate : Bootstrapping Spring Data repositories in DEFAULT mode.
2019-07-11 19:17:06.962  INFO 19664 --- [main] .s.d.r.c.RepositoryConfigurationDelegate : Finished Spring Data repository scanning in 45ms. Found 0 repository interfaces.
2019-07-11 19:17:07.322  INFO 19664 --- [main] org.quartz.impl.StdSchedulerFactory      : Using default implementation for ThreadExecutor
2019-07-11 19:17:07.338  INFO 19664 --- [main] org.quartz.core.SchedulerSignalerImpl    : Initialized Scheduler Signaller of type: class org.quartz.core.SchedulerSignalerImpl
2019-07-11 19:17:07.339  INFO 19664 --- [main] org.quartz.core.QuartzScheduler          : Quartz Scheduler v.2.3.1 created.
2019-07-11 19:17:07.342  INFO 19664 --- [main] org.quartz.simpl.RAMJobStore             : RAMJobStore initialized.
2019-07-11 19:17:07.344  INFO 19664 --- [main] org.quartz.core.QuartzScheduler          : Scheduler meta-data: Quartz Scheduler (v2.3.1) 'schedulerFactoryBean' with instanceId 'NON_CLUSTERED'
  Scheduler class: 'org.quartz.core.QuartzScheduler' - running locally.
  NOT STARTED.
  Currently in standby mode.
  Number of jobs executed: 0
  Using thread pool 'org.quartz.simpl.SimpleThreadPool' - with 10 threads.
  Using job-store 'org.quartz.simpl.RAMJobStore' - which does not support persistence. and is not clustered.

2019-07-11 19:17:07.345  INFO 19664 --- [main] org.quartz.impl.StdSchedulerFactory      : Quartz scheduler 'schedulerFactoryBean' initialized from an externally provided properties instance.
2019-07-11 19:17:07.347  INFO 19664 --- [main] org.quartz.impl.StdSchedulerFactory      : Quartz scheduler version: 2.3.1
2019-07-11 19:17:07.348  INFO 19664 --- [main] org.quartz.core.QuartzScheduler          : JobFactory set to: com.contract.shui.shuitrade.cron.quartz.TaskSchedulerFactory@267bbe1a
2019-07-11 19:17:08.187  INFO 19664 --- [main] o.s.s.quartz.SchedulerFactoryBean        : Starting Quartz Scheduler now
2019-07-11 19:17:08.188  INFO 19664 --- [main] org.quartz.core.QuartzScheduler          : Scheduler schedulerFactoryBean_$_NON_CLUSTERED started.
2019-07-11 19:17:08.197  INFO 19664 --- [main] c.c.s.s.ShuiTradeApplicationTests        : Started ShuiTradeApplicationTests in 2.183 seconds (JVM running for 3.424)
2019-07-11 19:17:08.336  INFO 19664 --- [Thread-2] org.quartz.core.QuartzScheduler          : Scheduler schedulerFactoryBean_$_NON_CLUSTERED paused.
2019-07-11 19:17:08.349  INFO 19664 --- [Thread-2] org.quartz.core.QuartzScheduler          : Scheduler schedulerFactoryBean_$_NON_CLUSTERED shutting down.
2019-07-11 19:17:08.349  INFO 19664 --- [Thread-2] org.quartz.core.QuartzScheduler          : Scheduler schedulerFactoryBean_$_NON_CLUSTERED paused.
2019-07-11 19:17:08.350  INFO 19664 --- [Thread-2] org.quartz.core.QuartzScheduler          : Scheduler schedulerFactoryBean_$_NON_CLUSTERED shutdown complete.
2019-07-11 19:17:08.350  INFO 19664 --- [Thread-2] o.s.s.quartz.SchedulerFactoryBean        : Shutting down Quartz Scheduler
